This is pdfTeX, Version 3.14159265-2.6-1.40.21 (MiKTeX 2.9.7400 64-bit) (preloaded format=pdflatex 2020.5.4)  16 MAY 2020 15:08
entering extended mode
**./report_main.tex
(report_main.tex
LaTeX2e <2020-02-02> patch level 5
L3 programming layer <2020-04-06>
("C:\Users\Thomas\AppData\Local\Programs\MiKTeX 2.9\tex/latex/base\article.cls"
Document Class: article 2019/12/20 v1.4l Standard LaTeX document class
("C:\Users\Thomas\AppData\Local\Programs\MiKTeX 2.9\tex/latex/base\size11.clo"
File: size11.clo 2019/12/20 v1.4l Standard LaTeX file (size option)
)
\c@part=\count167
\c@section=\count168
\c@subsection=\count169
\c@subsubsection=\count170
\c@paragraph=\count171
\c@subparagraph=\count172
\c@figure=\count173
\c@table=\count174
\abovecaptionskip=\skip47
\belowcaptionskip=\skip48
\bibindent=\dimen134
)
("C:\Users\Thomas\AppData\Local\Programs\MiKTeX 2.9\tex/latex/preprint\fullpage
.sty"
Package: fullpage 1999/02/23 1.1 (PWD)
\FP@margin=\skip49
) (01_packages.tex
("C:\Users\Thomas\AppData\Local\Programs\MiKTeX 2.9\tex/latex/amsmath\amsmath.s
ty"
Package: amsmath 2020/01/20 v2.17e AMS math features
\@mathmargin=\skip50

For additional information on amsmath, use the `?' option.

("C:\Users\Thomas\AppData\Local\Programs\MiKTeX 2.9\tex/latex/amsmath\amstext.s
ty"
Package: amstext 2000/06/29 v2.01 AMS text

("C:\Users\Thomas\AppData\Local\Programs\MiKTeX 2.9\tex/latex/amsmath\amsgen.st
y"
File: amsgen.sty 1999/11/30 v2.0 generic functions
\@emptytoks=\toks15
\ex@=\dimen135
))
("C:\Users\Thomas\AppData\Local\Programs\MiKTeX 2.9\tex/latex/amsmath\amsbsy.st
y"
Package: amsbsy 1999/11/29 v1.2d Bold Symbols
\pmbraise@=\dimen136
)
("C:\Users\Thomas\AppData\Local\Programs\MiKTeX 2.9\tex/latex/amsmath\amsopn.st
y"
Package: amsopn 2016/03/08 v2.02 operator names
)
\inf@bad=\count175
LaTeX Info: Redefining \frac on input line 227.
\uproot@=\count176
\leftroot@=\count177
LaTeX Info: Redefining \overline on input line 389.
\classnum@=\count178
\DOTSCASE@=\count179
LaTeX Info: Redefining \ldots on input line 486.
LaTeX Info: Redefining \dots on input line 489.
LaTeX Info: Redefining \cdots on input line 610.
\Mathstrutbox@=\box45
\strutbox@=\box46
\big@size=\dimen137
LaTeX Font Info:    Redeclaring font encoding OML on input line 733.
LaTeX Font Info:    Redeclaring font encoding OMS on input line 734.
\macc@depth=\count180
\c@MaxMatrixCols=\count181
\dotsspace@=\muskip16
\c@parentequation=\count182
\dspbrk@lvl=\count183
\tag@help=\toks16
\row@=\count184
\column@=\count185
\maxfields@=\count186
\andhelp@=\toks17
\eqnshift@=\dimen138
\alignsep@=\dimen139
\tagshift@=\dimen140
\tagwidth@=\dimen141
\totwidth@=\dimen142
\lineht@=\dimen143
\@envbody=\toks18
\multlinegap=\skip51
\multlinetaggap=\skip52
\mathdisplay@stack=\toks19
LaTeX Info: Redefining \[ on input line 2859.
LaTeX Info: Redefining \] on input line 2860.
)
("C:\Users\Thomas\AppData\Local\Programs\MiKTeX 2.9\tex/latex/amsfonts\amsfonts
.sty"
Package: amsfonts 2013/01/14 v3.01 Basic AMSFonts support
\symAMSa=\mathgroup4
\symAMSb=\mathgroup5
LaTeX Font Info:    Redeclaring math symbol \hbar on input line 98.
LaTeX Font Info:    Overwriting math alphabet `\mathfrak' in version `bold'
(Font)                  U/euf/m/n --> U/euf/b/n on input line 106.
)
("C:\Users\Thomas\AppData\Local\Programs\MiKTeX 2.9\tex/latex/amsfonts\amssymb.
sty"
Package: amssymb 2013/01/14 v3.01 AMS font symbols
)
("C:\Users\Thomas\AppData\Local\Programs\MiKTeX 2.9\tex/generic/babel\babel.sty
"
Package: babel 2020/03/22 3.42 The Babel package

("C:\Users\Thomas\AppData\Local\Programs\MiKTeX 2.9\tex/generic/babel\switch.de
f"
File: switch.def 2020/03/22 3.42 Babel switching mechanism
)
*************************************
* Local config file bblopts.cfg used
*
("C:\Users\Thomas\AppData\Local\Programs\MiKTeX 2.9\tex/latex/arabi\bblopts.cfg
"
File: bblopts.cfg 2005/09/08 v0.1 add Arabic and Farsi to "declared" options of
 babel
)
("C:\Users\Thomas\AppData\Local\Programs\MiKTeX 2.9\tex/generic/babel-french\fr
ench.ldf"
Language: french 2020/01/30 v3.5g French support from the babel system

("C:\Users\Thomas\AppData\Local\Programs\MiKTeX 2.9\tex/generic/babel\babel.def
"
File: babel.def 2020/03/22 3.42 Babel common definitions
\babel@savecnt=\count187
\U@D=\dimen144

("C:\Users\Thomas\AppData\Local\Programs\MiKTeX 2.9\tex/generic/babel\txtbabel.
def")
\bbl@readstream=\read2
\bbl@dirlevel=\count188
)
Package babel Info: \l@acadian = using hyphenrules for french
(babel)             (\language24) on input line 91.
Package babel Info: \l@canadien = using hyphenrules for french
(babel)             (\language24) on input line 92.
\FB@nonchar=\count189
Package babel Info: Making : an active character on input line 419.
Package babel Info: Making ; an active character on input line 420.
Package babel Info: Making ! an active character on input line 421.
Package babel Info: Making ? an active character on input line 422.
\FBguill@level=\count190
\FBold@everypar=\toks20
\FB@Mht=\dimen145
\mc@charclass=\count191
\mc@charfam=\count192
\mc@charslot=\count193
\std@mcc=\count194
\dec@mcc=\count195
\c@FBcaption@count=\count196
\listindentFB=\dimen146
\descindentFB=\dimen147
\labelindentFB=\dimen148
\labelwidthFB=\dimen149
\leftmarginFB=\dimen150
\parindentFFN=\dimen151
\FBfnindent=\dimen152
))
("C:\Users\Thomas\AppData\Local\Programs\MiKTeX 2.9\tex/latex/carlisle\scalefnt
.sty")
("C:\Users\Thomas\AppData\Local\Programs\MiKTeX 2.9\tex/latex/graphics\keyval.s
ty"
Package: keyval 2014/10/28 v1.15 key=value parser (DPC)
\KV@toks@=\toks21
)
("C:\Users\Thomas\AppData\Local\Programs\MiKTeX 2.9\tex/latex/caption\caption.s
ty"
Package: caption 2020/01/03 v3.4h Customizing captions (AR)

("C:\Users\Thomas\AppData\Local\Programs\MiKTeX 2.9\tex/latex/caption\caption3.
sty"
Package: caption3 2020/01/03 v1.8h caption3 kernel (AR)
Package caption3 Info: TeX engine: e-TeX on input line 61.
\captionmargin=\dimen153
\captionmargin@=\dimen154
\captionwidth=\dimen155
\caption@tempdima=\dimen156
\caption@indent=\dimen157
\caption@parindent=\dimen158
\caption@hangindent=\dimen159
Package caption Info: Standard document class detected.
)
\c@caption@flags=\count197
\c@continuedfloat=\count198
)
("C:\Users\Thomas\AppData\Local\Programs\MiKTeX 2.9\tex/latex/graphics\color.st
y"
Package: color 2019/11/23 v1.2a Standard LaTeX Color (DPC)

("C:\Users\Thomas\AppData\Local\Programs\MiKTeX 2.9\tex/latex/graphics-cfg\colo
r.cfg"
File: color.cfg 2016/01/02 v1.6 sample color configuration
)
Package color Info: Driver file: pdftex.def on input line 147.

("C:\Users\Thomas\AppData\Local\Programs\MiKTeX 2.9\tex/latex/graphics-def\pdft
ex.def"
File: pdftex.def 2018/01/08 v1.0l Graphics/color driver for pdftex
))
("C:\Users\Thomas\AppData\Local\Programs\MiKTeX 2.9\tex/latex/enumitem\enumitem
.sty"
Package: enumitem 2019/06/20 v3.9 Customized lists
\labelindent=\skip53
\enit@outerparindent=\dimen160
\enit@toks=\toks22
\enit@inbox=\box47
\enit@count@id=\count199
\enitdp@description=\count266
)
("C:\Users\Thomas\AppData\Local\Programs\MiKTeX 2.9\tex/latex/eurosym\eurosym.s
ty"
Package: eurosym 1998/08/06 v1.1 European currency symbol ``Euro''
\@eurobox=\box48
)
("C:\Users\Thomas\AppData\Local\Programs\MiKTeX 2.9\tex/latex/base\fontenc.sty"
Package: fontenc 2020/02/11 v2.0o Standard LaTeX package
)
("C:\Users\Thomas\AppData\Local\Programs\MiKTeX 2.9\tex/latex/fourier\fourier.s
ty"
Package: fourier 2020/03/03 2.2 fourier-GUTenberg package

("C:\Users\Thomas\AppData\Local\Programs\MiKTeX 2.9\tex/generic/iftex\iftex.sty
"
Package: iftex 2020/03/06 v1.0d TeX engine tests
)
Now handling font encoding FML ...
... no UTF-8 mapping file for font encoding FML
Now handling font encoding FMS ...
... no UTF-8 mapping file for font encoding FMS
Now handling font encoding FMX ...
... no UTF-8 mapping file for font encoding FMX

("C:\Users\Thomas\AppData\Local\Programs\MiKTeX 2.9\tex/latex/base\fontenc.sty"
Package: fontenc 2020/02/11 v2.0o Standard LaTeX package
LaTeX Font Info:    Trying to load font information for T1+futs on input line 1
12.
("C:\Users\Thomas\AppData\Local\Programs\MiKTeX 2.9\tex/latex/fourier\t1futs.fd
"
File: t1futs.fd 2004/03/02 Fontinst v1.926 font definitions for T1/futs.
))
("C:\Users\Thomas\AppData\Local\Programs\MiKTeX 2.9\tex/latex/base\textcomp.sty
"
Package: textcomp 2020/02/02 v2.0n Standard LaTeX package
)
("C:\Users\Thomas\AppData\Local\Programs\MiKTeX 2.9\tex/latex/fourier\fourier-o
rns.sty"
Package: fourier-orns 2020/03/03 2.2 fourier-ornaments package
)
LaTeX Font Info:    Redeclaring symbol font `operators' on input line 63.
LaTeX Font Info:    Encoding `OT1' has changed to `T1' for symbol font
(Font)              `operators' in the math version `normal' on input line 63.
LaTeX Font Info:    Overwriting symbol font `operators' in version `normal'
(Font)                  OT1/cmr/m/n --> T1/futs/m/n on input line 63.
LaTeX Font Info:    Encoding `OT1' has changed to `T1' for symbol font
(Font)              `operators' in the math version `bold' on input line 63.
LaTeX Font Info:    Overwriting symbol font `operators' in version `bold'
(Font)                  OT1/cmr/bx/n --> T1/futs/m/n on input line 63.
LaTeX Font Info:    Overwriting symbol font `operators' in version `bold'
(Font)                  T1/futs/m/n --> T1/futs/b/n on input line 64.
LaTeX Font Info:    Redeclaring symbol font `letters' on input line 72.
LaTeX Font Info:    Encoding `OML' has changed to `FML' for symbol font
(Font)              `letters' in the math version `normal' on input line 72.
LaTeX Font Info:    Overwriting symbol font `letters' in version `normal'
(Font)                  OML/cmm/m/it --> FML/futmi/m/it on input line 72.
LaTeX Font Info:    Encoding `OML' has changed to `FML' for symbol font
(Font)              `letters' in the math version `bold' on input line 72.
LaTeX Font Info:    Overwriting symbol font `letters' in version `bold'
(Font)                  OML/cmm/b/it --> FML/futmi/m/it on input line 72.
\symotherletters=\mathgroup6
LaTeX Font Info:    Overwriting symbol font `letters' in version `bold'
(Font)                  FML/futmi/m/it --> FML/futmi/b/it on input line 74.
LaTeX Font Info:    Overwriting symbol font `otherletters' in version `bold'
(Font)                  FML/futm/m/it --> FML/futm/b/it on input line 75.
LaTeX Font Info:    Redeclaring math symbol \Gamma on input line 76.
LaTeX Font Info:    Redeclaring math symbol \Delta on input line 77.
LaTeX Font Info:    Redeclaring math symbol \Theta on input line 78.
LaTeX Font Info:    Redeclaring math symbol \Lambda on input line 79.
LaTeX Font Info:    Redeclaring math symbol \Xi on input line 80.
LaTeX Font Info:    Redeclaring math symbol \Pi on input line 81.
LaTeX Font Info:    Redeclaring math symbol \Sigma on input line 82.
LaTeX Font Info:    Redeclaring math symbol \Upsilon on input line 83.
LaTeX Font Info:    Redeclaring math symbol \Phi on input line 84.
LaTeX Font Info:    Redeclaring math symbol \Psi on input line 85.
LaTeX Font Info:    Redeclaring math symbol \Omega on input line 86.
LaTeX Font Info:    Redeclaring symbol font `symbols' on input line 126.
LaTeX Font Info:    Encoding `OMS' has changed to `FMS' for symbol font
(Font)              `symbols' in the math version `normal' on input line 126.
LaTeX Font Info:    Overwriting symbol font `symbols' in version `normal'
(Font)                  OMS/cmsy/m/n --> FMS/futm/m/n on input line 126.
LaTeX Font Info:    Encoding `OMS' has changed to `FMS' for symbol font
(Font)              `symbols' in the math version `bold' on input line 126.
LaTeX Font Info:    Overwriting symbol font `symbols' in version `bold'
(Font)                  OMS/cmsy/b/n --> FMS/futm/m/n on input line 126.
LaTeX Font Info:    Redeclaring symbol font `largesymbols' on input line 127.
LaTeX Font Info:    Encoding `OMX' has changed to `FMX' for symbol font
(Font)              `largesymbols' in the math version `normal' on input line 1
27.
LaTeX Font Info:    Overwriting symbol font `largesymbols' in version `normal'
(Font)                  OMX/cmex/m/n --> FMX/futm/m/n on input line 127.
LaTeX Font Info:    Encoding `OMX' has changed to `FMX' for symbol font
(Font)              `largesymbols' in the math version `bold' on input line 127
.
LaTeX Font Info:    Overwriting symbol font `largesymbols' in version `bold'
(Font)                  OMX/cmex/m/n --> FMX/futm/m/n on input line 127.
LaTeX Font Info:    Redeclaring math alphabet \mathbf on input line 128.
LaTeX Font Info:    Overwriting math alphabet `\mathbf' in version `normal'
(Font)                  OT1/cmr/bx/n --> T1/futs/bx/n on input line 128.
LaTeX Font Info:    Overwriting math alphabet `\mathbf' in version `bold'
(Font)                  OT1/cmr/bx/n --> T1/futs/bx/n on input line 128.
LaTeX Font Info:    Redeclaring math alphabet \mathrm on input line 129.
LaTeX Font Info:    Redeclaring math alphabet \mathit on input line 130.
LaTeX Font Info:    Overwriting math alphabet `\mathit' in version `normal'
(Font)                  OT1/cmr/m/it --> T1/futs/m/it on input line 130.
LaTeX Font Info:    Overwriting math alphabet `\mathit' in version `bold'
(Font)                  OT1/cmr/bx/it --> T1/futs/m/it on input line 130.
LaTeX Font Info:    Redeclaring math alphabet \mathcal on input line 131.
LaTeX Font Info:    Redeclaring math symbol \varkappa on input line 132.
LaTeX Font Info:    Redeclaring math symbol \leqslant on input line 138.
LaTeX Font Info:    Redeclaring math symbol \geqslant on input line 139.
LaTeX Font Info:    Redeclaring math symbol \vDash on input line 142.
LaTeX Font Info:    Redeclaring math symbol \blacktriangleleft on input line 14
3.
LaTeX Font Info:    Redeclaring math symbol \blacktriangleright on input line 1
44.
LaTeX Font Info:    Redeclaring math symbol \nleqslant on input line 145.
LaTeX Font Info:    Redeclaring math symbol \ngeqslant on input line 146.
LaTeX Font Info:    Redeclaring math symbol \parallel on input line 147.
LaTeX Font Info:    Redeclaring math symbol \nparallel on input line 148.
LaTeX Font Info:    Redeclaring math symbol \nvDash on input line 150.
LaTeX Font Info:    Redeclaring math symbol \intercal on input line 151.
LaTeX Font Info:    Redeclaring math symbol \hslash on input line 152.
LaTeX Font Info:    Redeclaring math symbol \nexists on input line 153.
LaTeX Font Info:    Redeclaring math symbol \complement on input line 154.
LaTeX Font Info:    Redeclaring math symbol \varsubsetneq on input line 155.
LaTeX Font Info:    Redeclaring math symbol \hbar on input line 161.
LaTeX Font Info:    Redeclaring math symbol \smallsetminus on input line 162.
LaTeX Font Info:    Redeclaring math symbol \subsetneqq on input line 163.
LaTeX Font Info:    Redeclaring math symbol \rightrightarrows on input line 164
.
LaTeX Font Info:    Redeclaring math symbol \leftleftarrows on input line 165.
LaTeX Font Info:    Redeclaring math symbol \square on input line 166.
LaTeX Font Info:    Redeclaring math symbol \curvearrowleft on input line 167.
LaTeX Font Info:    Redeclaring math symbol \curvearrowright on input line 168.

LaTeX Font Info:    Redeclaring math symbol \blacksquare on input line 169.
LaTeX Font Info:    Redeclaring math symbol \varkappa on input line 199.
LaTeX Font Info:    Redeclaring math symbol \varvarrho on input line 200.
LaTeX Font Info:    Redeclaring math delimiter \Vert on input line 223.
LaTeX Font Info:    Redeclaring math delimiter \vert on input line 228.
LaTeX Font Info:    Redeclaring math delimiter \lvert on input line 230.
LaTeX Font Info:    Redeclaring math delimiter \rvert on input line 232.
LaTeX Font Info:    Redeclaring math delimiter \lVert on input line 234.
LaTeX Font Info:    Redeclaring math delimiter \rVert on input line 236.
LaTeX Font Info:    Redeclaring math delimiter \Downarrow on input line 238.
LaTeX Font Info:    Redeclaring math delimiter \backslash on input line 240.
LaTeX Font Info:    Redeclaring math delimiter \rangle on input line 242.
LaTeX Font Info:    Redeclaring math delimiter \langle on input line 244.
LaTeX Font Info:    Redeclaring math delimiter \rbrace on input line 246.
LaTeX Font Info:    Redeclaring math delimiter \lbrace on input line 248.
LaTeX Font Info:    Redeclaring math delimiter \rceil on input line 250.
LaTeX Font Info:    Redeclaring math delimiter \lceil on input line 252.
LaTeX Font Info:    Redeclaring math delimiter \rfloor on input line 254.
LaTeX Font Info:    Redeclaring math delimiter \lfloor on input line 256.
LaTeX Font Info:    Redeclaring math accent \acute on input line 260.
LaTeX Font Info:    Redeclaring math accent \grave on input line 261.
LaTeX Font Info:    Redeclaring math accent \ddot on input line 262.
LaTeX Font Info:    Redeclaring math accent \tilde on input line 263.
LaTeX Font Info:    Redeclaring math accent \bar on input line 264.
LaTeX Font Info:    Redeclaring math accent \breve on input line 265.
LaTeX Font Info:    Redeclaring math accent \check on input line 266.
LaTeX Font Info:    Redeclaring math accent \hat on input line 267.
LaTeX Font Info:    Redeclaring math accent \dot on input line 268.
LaTeX Font Info:    Redeclaring math accent \mathring on input line 269.
\symUfutm=\mathgroup7
)
("C:\Users\Thomas\AppData\Local\Programs\MiKTeX 2.9\tex/latex/was\gensymb.sty"
Package: gensymb 2003/07/02 v1.0 (WaS)
)
("C:\Users\Thomas\AppData\Local\Programs\MiKTeX 2.9\tex/latex/graphics\graphicx
.sty"
Package: graphicx 2019/11/30 v1.2a Enhanced LaTeX Graphics (DPC,SPQR)

("C:\Users\Thomas\AppData\Local\Programs\MiKTeX 2.9\tex/latex/graphics\graphics
.sty"
Package: graphics 2019/11/30 v1.4a Standard LaTeX Graphics (DPC,SPQR)

("C:\Users\Thomas\AppData\Local\Programs\MiKTeX 2.9\tex/latex/graphics\trig.sty
"
Package: trig 2016/01/03 v1.10 sin cos tan (DPC)
)
("C:\Users\Thomas\AppData\Local\Programs\MiKTeX 2.9\tex/latex/graphics-cfg\grap
hics.cfg"
File: graphics.cfg 2016/06/04 v1.11 sample graphics configuration
)
Package graphics Info: Driver file: pdftex.def on input line 105.
)
\Gin@req@height=\dimen161
\Gin@req@width=\dimen162
)
("C:\Users\Thomas\AppData\Local\Programs\MiKTeX 2.9\tex/latex/hyperref\hyperref
.sty"
Package: hyperref 2020/01/14 v7.00d Hypertext links for LaTeX

("C:\Users\Thomas\AppData\Local\Programs\MiKTeX 2.9\tex/generic/ltxcmds\ltxcmds
.sty"
Package: ltxcmds 2019/12/15 v1.24 LaTeX kernel commands for general use (HO)
)
("C:\Users\Thomas\AppData\Local\Programs\MiKTeX 2.9\tex/latex/pdftexcmds\pdftex
cmds.sty"
Package: pdftexcmds 2019/11/24 v0.31 Utility functions of pdfTeX for LuaTeX (HO
)

("C:\Users\Thomas\AppData\Local\Programs\MiKTeX 2.9\tex/generic/infwarerr\infwa
rerr.sty"
Package: infwarerr 2019/12/03 v1.5 Providing info/warning/error messages (HO)
)
Package pdftexcmds Info: \pdf@primitive is available.
Package pdftexcmds Info: \pdf@ifprimitive is available.
Package pdftexcmds Info: \pdfdraftmode found.
)
("C:\Users\Thomas\AppData\Local\Programs\MiKTeX 2.9\tex/generic/kvsetkeys\kvset
keys.sty"
Package: kvsetkeys 2019/12/15 v1.18 Key value parser (HO)
)
("C:\Users\Thomas\AppData\Local\Programs\MiKTeX 2.9\tex/generic/kvdefinekeys\kv
definekeys.sty"
Package: kvdefinekeys 2019-12-19 v1.6 Define keys (HO)
)
("C:\Users\Thomas\AppData\Local\Programs\MiKTeX 2.9\tex/generic/pdfescape\pdfes
cape.sty"
Package: pdfescape 2019/12/09 v1.15 Implements pdfTeX's escape features (HO)
)
("C:\Users\Thomas\AppData\Local\Programs\MiKTeX 2.9\tex/latex/hycolor\hycolor.s
ty"
Package: hycolor 2020-01-27 v1.10 Color options for hyperref/bookmark (HO)
)
("C:\Users\Thomas\AppData\Local\Programs\MiKTeX 2.9\tex/latex/letltxmacro\letlt
xmacro.sty"
Package: letltxmacro 2019/12/03 v1.6 Let assignment for LaTeX macros (HO)
)
("C:\Users\Thomas\AppData\Local\Programs\MiKTeX 2.9\tex/latex/auxhook\auxhook.s
ty"
Package: auxhook 2019-12-17 v1.6 Hooks for auxiliary files (HO)
)
("C:\Users\Thomas\AppData\Local\Programs\MiKTeX 2.9\tex/latex/kvoptions\kvoptio
ns.sty"
Package: kvoptions 2019/11/29 v3.13 Key value format for package options (HO)
)
\@linkdim=\dimen163
\Hy@linkcounter=\count267
\Hy@pagecounter=\count268

("C:\Users\Thomas\AppData\Local\Programs\MiKTeX 2.9\tex/latex/hyperref\pd1enc.d
ef"
File: pd1enc.def 2020/01/14 v7.00d Hyperref: PDFDocEncoding definition (HO)
Now handling font encoding PD1 ...
... no UTF-8 mapping file for font encoding PD1
)
("C:\Users\Thomas\AppData\Local\Programs\MiKTeX 2.9\tex/generic/intcalc\intcalc
.sty"
Package: intcalc 2019/12/15 v1.3 Expandable calculations with integers (HO)
)
("C:\Users\Thomas\AppData\Local\Programs\MiKTeX 2.9\tex/generic/etexcmds\etexcm
ds.sty"
Package: etexcmds 2019/12/15 v1.7 Avoid name clashes with e-TeX commands (HO)
)
\Hy@SavedSpaceFactor=\count269
Package hyperref Info: Hyper figures OFF on input line 4547.
Package hyperref Info: Link nesting OFF on input line 4552.
Package hyperref Info: Hyper index ON on input line 4555.
Package hyperref Info: Plain pages OFF on input line 4562.
Package hyperref Info: Backreferencing OFF on input line 4567.
Package hyperref Info: Implicit mode ON; LaTeX internals redefined.
Package hyperref Info: Bookmarks ON on input line 4800.
\c@Hy@tempcnt=\count270

("C:\Users\Thomas\AppData\Local\Programs\MiKTeX 2.9\tex/latex/url\url.sty"
\Urlmuskip=\muskip17
Package: url 2013/09/16  ver 3.4  Verb mode for urls, etc.
)
LaTeX Info: Redefining \url on input line 5159.
\XeTeXLinkMargin=\dimen164

("C:\Users\Thomas\AppData\Local\Programs\MiKTeX 2.9\tex/generic/bitset\bitset.s
ty"
Package: bitset 2019/12/09 v1.3 Handle bit-vector datatype (HO)

("C:\Users\Thomas\AppData\Local\Programs\MiKTeX 2.9\tex/generic/bigintcalc\bigi
ntcalc.sty"
Package: bigintcalc 2019/12/15 v1.5 Expandable calculations on big integers (HO
)
))
\Fld@menulength=\count271
\Field@Width=\dimen165
\Fld@charsize=\dimen166
Package hyperref Info: Hyper figures OFF on input line 6430.
Package hyperref Info: Link nesting OFF on input line 6435.
Package hyperref Info: Hyper index ON on input line 6438.
Package hyperref Info: backreferencing OFF on input line 6445.
Package hyperref Info: Link coloring OFF on input line 6450.
Package hyperref Info: Link coloring with OCG OFF on input line 6455.
Package hyperref Info: PDF/A mode OFF on input line 6460.
LaTeX Info: Redefining \ref on input line 6500.
LaTeX Info: Redefining \pageref on input line 6504.

("C:\Users\Thomas\AppData\Local\Programs\MiKTeX 2.9\tex/generic/atbegshi\atbegs
hi.sty"
Package: atbegshi 2019/12/05 v1.19 At begin shipout hook (HO)
)
\Hy@abspage=\count272
\c@Item=\count273
\c@Hfootnote=\count274
)
Package hyperref Info: Driver (autodetected): hpdftex.

("C:\Users\Thomas\AppData\Local\Programs\MiKTeX 2.9\tex/latex/hyperref\hpdftex.
def"
File: hpdftex.def 2020/01/14 v7.00d Hyperref driver for pdfTeX

("C:\Users\Thomas\AppData\Local\Programs\MiKTeX 2.9\tex/latex/atveryend\atverye
nd.sty"
Package: atveryend 2019-12-11 v1.11 Hooks at the very end of document (HO)
Package atveryend Info: \enddocument detected (standard20110627).
)
\Fld@listcount=\count275
\c@bookmark@seq@number=\count276

("C:\Users\Thomas\AppData\Local\Programs\MiKTeX 2.9\tex/latex/rerunfilecheck\re
runfilecheck.sty"
Package: rerunfilecheck 2019/12/05 v1.9 Rerun checks for auxiliary files (HO)

("C:\Users\Thomas\AppData\Local\Programs\MiKTeX 2.9\tex/generic/uniquecounter\u
niquecounter.sty"
Package: uniquecounter 2019/12/15 v1.4 Provide unlimited unique counter (HO)
)
Package uniquecounter Info: New unique counter `rerunfilecheck' on input line 2
86.
)
\Hy@SectionHShift=\skip54
)
("C:\Users\Thomas\AppData\Local\Programs\MiKTeX 2.9\tex/latex/base\inputenc.sty
"
Package: inputenc 2018/08/11 v1.3c Input encoding file
\inpenc@prehook=\toks23
\inpenc@posthook=\toks24
)
("C:\Users\Thomas\AppData\Local\Programs\MiKTeX 2.9\tex/latex/listings\listings
.sty"
\lst@mode=\count277
\lst@gtempboxa=\box49
\lst@token=\toks25
\lst@length=\count278
\lst@currlwidth=\dimen167
\lst@column=\count279
\lst@pos=\count280
\lst@lostspace=\dimen168
\lst@width=\dimen169
\lst@newlines=\count281
\lst@lineno=\count282
\lst@maxwidth=\dimen170

("C:\Users\Thomas\AppData\Local\Programs\MiKTeX 2.9\tex/latex/listings\lstmisc.
sty"
File: lstmisc.sty 2020/03/24 1.8d (Carsten Heinz)
\c@lstnumber=\count283
\lst@skipnumbers=\count284
\lst@framebox=\box50
)
("C:\Users\Thomas\AppData\Local\Programs\MiKTeX 2.9\tex/latex/listings\listings
.cfg"
File: listings.cfg 2020/03/24 1.8d listings configuration
))
Package: listings 2020/03/24 1.8d (Carsten Heinz)

("C:\Users\Thomas\AppData\Local\Programs\MiKTeX 2.9\tex/latex/lm\lmodern.sty"
Package: lmodern 2009/10/30 v1.6 Latin Modern Fonts
LaTeX Font Info:    Encoding `T1' has changed to `OT1' for symbol font
(Font)              `operators' in the math version `normal' on input line 22.
LaTeX Font Info:    Overwriting symbol font `operators' in version `normal'
(Font)                  T1/futs/m/n --> OT1/lmr/m/n on input line 22.
LaTeX Font Info:    Encoding `FML' has changed to `OML' for symbol font
(Font)              `letters' in the math version `normal' on input line 23.
LaTeX Font Info:    Overwriting symbol font `letters' in version `normal'
(Font)                  FML/futmi/m/it --> OML/lmm/m/it on input line 23.
LaTeX Font Info:    Encoding `FMS' has changed to `OMS' for symbol font
(Font)              `symbols' in the math version `normal' on input line 24.
LaTeX Font Info:    Overwriting symbol font `symbols' in version `normal'
(Font)                  FMS/futm/m/n --> OMS/lmsy/m/n on input line 24.
LaTeX Font Info:    Encoding `FMX' has changed to `OMX' for symbol font
(Font)              `largesymbols' in the math version `normal' on input line 2
5.
LaTeX Font Info:    Overwriting symbol font `largesymbols' in version `normal'
(Font)                  FMX/futm/m/n --> OMX/lmex/m/n on input line 25.
LaTeX Font Info:    Encoding `T1' has changed to `OT1' for symbol font
(Font)              `operators' in the math version `bold' on input line 26.
LaTeX Font Info:    Overwriting symbol font `operators' in version `bold'
(Font)                  T1/futs/b/n --> OT1/lmr/bx/n on input line 26.
LaTeX Font Info:    Encoding `FML' has changed to `OML' for symbol font
(Font)              `letters' in the math version `bold' on input line 27.
LaTeX Font Info:    Overwriting symbol font `letters' in version `bold'
(Font)                  FML/futmi/b/it --> OML/lmm/b/it on input line 27.
LaTeX Font Info:    Encoding `FMS' has changed to `OMS' for symbol font
(Font)              `symbols' in the math version `bold' on input line 28.
LaTeX Font Info:    Overwriting symbol font `symbols' in version `bold'
(Font)                  FMS/futm/m/n --> OMS/lmsy/b/n on input line 28.
LaTeX Font Info:    Encoding `FMX' has changed to `OMX' for symbol font
(Font)              `largesymbols' in the math version `bold' on input line 29.

LaTeX Font Info:    Overwriting symbol font `largesymbols' in version `bold'
(Font)                  FMX/futm/m/n --> OMX/lmex/m/n on input line 29.
LaTeX Font Info:    Overwriting math alphabet `\mathbf' in version `normal'
(Font)                  T1/futs/bx/n --> OT1/lmr/bx/n on input line 31.
LaTeX Font Info:    Overwriting math alphabet `\mathsf' in version `normal'
(Font)                  OT1/cmss/m/n --> OT1/lmss/m/n on input line 32.
LaTeX Font Info:    Overwriting math alphabet `\mathit' in version `normal'
(Font)                  T1/futs/m/it --> OT1/lmr/m/it on input line 33.
LaTeX Font Info:    Overwriting math alphabet `\mathtt' in version `normal'
(Font)                  OT1/cmtt/m/n --> OT1/lmtt/m/n on input line 34.
LaTeX Font Info:    Overwriting math alphabet `\mathbf' in version `bold'
(Font)                  T1/futs/bx/n --> OT1/lmr/bx/n on input line 35.
LaTeX Font Info:    Overwriting math alphabet `\mathsf' in version `bold'
(Font)                  OT1/cmss/bx/n --> OT1/lmss/bx/n on input line 36.
LaTeX Font Info:    Overwriting math alphabet `\mathit' in version `bold'
(Font)                  T1/futs/m/it --> OT1/lmr/bx/it on input line 37.
LaTeX Font Info:    Overwriting math alphabet `\mathtt' in version `bold'
(Font)                  OT1/cmtt/m/n --> OT1/lmtt/m/n on input line 38.
)
("C:\Users\Thomas\AppData\Local\Programs\MiKTeX 2.9\tex/latex/multirow\multirow
.sty"
Package: multirow 2019/05/31 v2.5 Span multiple rows of a table
\multirow@colwidth=\skip55
\multirow@cntb=\count285
\multirow@dima=\skip56
\bigstrutjot=\dimen171
)
("C:\Users\Thomas\AppData\Local\Programs\MiKTeX 2.9\tex/latex/standalone\standa
lone.sty"
Package: standalone 2018/03/26 v1.3a Package to include TeX sub-files with prea
mbles

("C:\Users\Thomas\AppData\Local\Programs\MiKTeX 2.9\tex/latex/tools\shellesc.st
y"
Package: shellesc 2019/11/08 v1.0c unified shell escape interface for LaTeX
Package shellesc Info: Restricted shell escape enabled on input line 77.
)
("C:\Users\Thomas\AppData\Local\Programs\MiKTeX 2.9\tex/latex/xkeyval\xkeyval.s
ty"
Package: xkeyval 2014/12/03 v2.7a package option processing (HA)

("C:\Users\Thomas\AppData\Local\Programs\MiKTeX 2.9\tex/generic/xkeyval\xkeyval
.tex"
("C:\Users\Thomas\AppData\Local\Programs\MiKTeX 2.9\tex/generic/xkeyval\xkvutil
s.tex"
\XKV@toks=\toks26
\XKV@tempa@toks=\toks27
)
\XKV@depth=\count286
File: xkeyval.tex 2014/12/03 v2.7a key=value parser (HA)
))
("C:\Users\Thomas\AppData\Local\Programs\MiKTeX 2.9\tex/latex/currfile\currfile
.sty"
Package: currfile 2015/04/23 v0.7c Provides the file path elements of the curre
nt input file

("C:\Users\Thomas\AppData\Local\Programs\MiKTeX 2.9\tex/latex/filehook\filehook
.sty"
Package: filehook 2020/02/03 v0.7 Hooks for input files
)
\c@currfiledepth=\count287
)
("C:\Users\Thomas\AppData\Local\Programs\MiKTeX 2.9\tex/latex/gincltex\gincltex
.sty"
("C:\Users\Thomas\AppData\Local\Programs\MiKTeX 2.9\tex/latex/svn-prov\svn-prov
.sty"
Package: svn-prov 2010/04/24 v3.1862 Package Date/Version from SVN Keywords
)
Package: gincltex 2011/09/04 v0.3 Include external LaTeX files like graphics

("C:\Users\Thomas\AppData\Local\Programs\MiKTeX 2.9\tex/latex/adjustbox\adjustb
ox.sty"
Package: adjustbox 2019/01/04 v1.2 Adjusting TeX boxes (trim, clip, ...)

("C:\Users\Thomas\AppData\Local\Programs\MiKTeX 2.9\tex/latex/adjustbox\adjcalc
.sty"
Package: adjcalc 2012/05/16 v1.1 Provides advanced setlength with multiple back
-ends (calc, etex, pgfmath)
)
("C:\Users\Thomas\AppData\Local\Programs\MiKTeX 2.9\tex/latex/adjustbox\trimcli
p.sty"
Package: trimclip 2018/04/08 v1.1 Trim and clip general TeX material

("C:\Users\Thomas\AppData\Local\Programs\MiKTeX 2.9\tex/latex/collectbox\collec
tbox.sty"
Package: collectbox 2012/05/17 v0.4b Collect macro arguments as boxes
\collectedbox=\box51
)
\tc@llx=\dimen172
\tc@lly=\dimen173
\tc@urx=\dimen174
\tc@ury=\dimen175
Package trimclip Info: Using driver 'tc-pdftex.def'.

("C:\Users\Thomas\AppData\Local\Programs\MiKTeX 2.9\tex/latex/adjustbox\tc-pdft
ex.def"
File: tc-pdftex.def 2019/01/04 v2.2 Clipping driver for pdftex
))
\adjbox@Width=\dimen176
\adjbox@Height=\dimen177
\adjbox@Depth=\dimen178
\adjbox@Totalheight=\dimen179
\adjbox@pwidth=\dimen180
\adjbox@pheight=\dimen181
\adjbox@pdepth=\dimen182
\adjbox@ptotalheight=\dimen183

("C:\Users\Thomas\AppData\Local\Programs\MiKTeX 2.9\tex/latex/ifoddpage\ifoddpa
ge.sty"
Package: ifoddpage 2016/04/23 v1.1 Conditionals for odd/even page detection
\c@checkoddpage=\count288
)
("C:\Users\Thomas\AppData\Local\Programs\MiKTeX 2.9\tex/latex/varwidth\varwidth
.sty"
Package: varwidth 2009/03/30 ver 0.92;  Variable-width minipages
\@vwid@box=\box52
\sift@deathcycles=\count289
\@vwid@loff=\dimen184
\@vwid@roff=\dimen185
))
\gincltex@box=\box53
)
("C:\Users\Thomas\AppData\Local\Programs\MiKTeX 2.9\tex/latex/filemod\filemod-e
xpmin.sty"
Package: filemod-expmin 2011/09/19 v1.2 Get and compare file modification times
 (expandable; minimal)
))
("C:\Users\Thomas\AppData\Local\Programs\MiKTeX 2.9\tex/latex/subfig\subfig.sty
"
Package: subfig 2005/06/28 ver: 1.3 subfig package
\c@KVtest=\count290
\sf@farskip=\skip57
\sf@captopadj=\dimen186
\sf@capskip=\skip58
\sf@nearskip=\skip59
\c@subfigure=\count291
\c@subfigure@save=\count292
\c@lofdepth=\count293
\c@subtable=\count294
\c@subtable@save=\count295
\c@lotdepth=\count296
\sf@top=\skip60
\sf@bottom=\skip61
)
("C:\Users\Thomas\AppData\Local\Programs\MiKTeX 2.9\tex/latex/tools\verbatim.st
y"
Package: verbatim 2019/11/10 v1.5r LaTeX2e package for verbatim enhancements
\every@verbatim=\toks28
\verbatim@line=\toks29
\verbatim@in@stream=\read3
)
("C:\Users\Thomas\AppData\Local\Programs\MiKTeX 2.9\tex/latex/wrapfig\wrapfig.s
ty"
\wrapoverhang=\dimen187
\WF@size=\dimen188
\c@WF@wrappedlines=\count297
\WF@box=\box54
\WF@everypar=\toks30
Package: wrapfig 2003/01/31  v 3.6
))
("C:\Users\Thomas\AppData\Local\Programs\MiKTeX 2.9\tex/latex/relsize\relsize.s
ty"
Package: relsize 2013/03/29 ver 4.1
)
("C:\Users\Thomas\AppData\Local\Programs\MiKTeX 2.9\tex/latex/l3backend\l3backe
nd-pdfmode.def"
File: l3backend-pdfmode.def 2020-03-12 L3 backend support: PDF mode
\l__kernel_color_stack_int=\count298
\l__pdf_internal_box=\box55
) (C:\Users\Thomas\Downloads\report\build\report_main.aux)
\openout1 = `report_main.aux'.

LaTeX Font Info:    Checking defaults for OML/cmm/m/it on input line 21.
LaTeX Font Info:    ... okay on input line 21.
LaTeX Font Info:    Checking defaults for OMS/cmsy/m/n on input line 21.
LaTeX Font Info:    ... okay on input line 21.
LaTeX Font Info:    Checking defaults for OT1/cmr/m/n on input line 21.
LaTeX Font Info:    ... okay on input line 21.
LaTeX Font Info:    Checking defaults for T1/cmr/m/n on input line 21.
LaTeX Font Info:    ... okay on input line 21.
LaTeX Font Info:    Checking defaults for TS1/cmr/m/n on input line 21.
LaTeX Font Info:    ... okay on input line 21.
LaTeX Font Info:    Checking defaults for OMX/cmex/m/n on input line 21.
LaTeX Font Info:    ... okay on input line 21.
LaTeX Font Info:    Checking defaults for U/cmr/m/n on input line 21.
LaTeX Font Info:    ... okay on input line 21.
LaTeX Font Info:    Checking defaults for FML/futm/m/it on input line 21.
LaTeX Font Info:    Trying to load font information for FML+futm on input line 
21.

("C:\Users\Thomas\AppData\Local\Programs\MiKTeX 2.9\tex/latex/fourier\fmlfutm.f
d"
File: fmlfutm.fd 2004/10/30 Fontinst v1.926 font definitions for FML/futm.
)
LaTeX Font Info:    ... okay on input line 21.
LaTeX Font Info:    Checking defaults for FMS/futm/m/n on input line 21.
LaTeX Font Info:    Trying to load font information for FMS+futm on input line 
21.

("C:\Users\Thomas\AppData\Local\Programs\MiKTeX 2.9\tex/latex/fourier\fmsfutm.f
d"
File: fmsfutm.fd 2004/10/30 Fontinst v1.926 font definitions for FMS/futm.
)
LaTeX Font Info:    ... okay on input line 21.
LaTeX Font Info:    Checking defaults for FMX/futm/m/n on input line 21.
LaTeX Font Info:    Trying to load font information for FMX+futm on input line 
21.

("C:\Users\Thomas\AppData\Local\Programs\MiKTeX 2.9\tex/latex/fourier\fmxfutm.f
d"
File: fmxfutm.fd futm-extension
)
LaTeX Font Info:    ... okay on input line 21.
LaTeX Font Info:    Checking defaults for PD1/pdf/m/n on input line 21.
LaTeX Font Info:    ... okay on input line 21.
LaTeX Font Info:    Trying to load font information for T1+lmr on input line 21
.
 ("C:\Users\Thomas\AppData\Local\Programs\MiKTeX 2.9\tex/latex/lm\t1lmr.fd"
File: t1lmr.fd 2009/10/30 v1.6 Font defs for Latin Modern
)
LaTeX Info: Redefining \degres on input line 21.
LaTeX Info: Redefining \dots on input line 21.
Package french.ldf Info: Setting StandardItemizeEnv=true for
(french.ldf)             compatibility with enumitem package,
(french.ldf)             reported on input line 21.
Package french.ldf Info: Setting StandardEnumerateEnv=true for
(french.ldf)             compatibility with enumitem package,
(french.ldf)             reported on input line 21.
LaTeX Info: Redefining \up on input line 21.
Package caption Info: Begin \AtBeginDocument code.
Package caption Info: subfig package v1.3 is loaded.
Package caption Info: hyperref package is loaded.
Package caption Info: listings package is loaded.
Package caption Info: wrapfig package is loaded.
Package caption Info: End \AtBeginDocument code.

("C:\Users\Thomas\AppData\Local\Programs\MiKTeX 2.9\tex/context/base/mkii\supp-
pdf.mkii"
[Loading MPS to PDF converter (version 2006.09.02).]
\scratchcounter=\count299
\scratchdimen=\dimen189
\scratchbox=\box56
\nofMPsegments=\count300
\nofMParguments=\count301
\everyMPshowfont=\toks31
\MPscratchCnt=\count302
\MPscratchDim=\dimen190
\MPnumerator=\count303
\makeMPintoPDFobject=\count304
\everyMPtoPDFconversion=\toks32
)
("C:\Users\Thomas\AppData\Local\Programs\MiKTeX 2.9\tex/latex/epstopdf-pkg\epst
opdf-base.sty"
Package: epstopdf-base 2020-01-24 v2.11 Base part for package epstopdf
Package epstopdf-base Info: Redefining graphics rule for `.eps' on input line 4
85.
)
LaTeX Font Info:    Redeclaring math accent \widehat on input line 21.
LaTeX Font Info:    Redeclaring math accent \widetilde on input line 21.
\symgns@font=\mathgroup8
LaTeX Font Info:    Overwriting symbol font `gns@font' in version `bold'
(Font)                  TS1/lmr/m/n --> TS1/lmr/b/n on input line 21.
Package gensymb Info: Math companion symbols declared on input line 21.
LaTeX Info: Redefining \degree on input line 21.
LaTeX Info: Redefining \celsius on input line 21.
Package gensymb Info: Using text companion symbols for \degree, \celsius and \p
erthousand on input line 21.
LaTeX Info: Redefining \ohm on input line 21.
Package gensymb Info: Using \textohm for \ohm on input line 21.
Package gensymb Info: Using \textmu for \micro on input line 21.
\AtBeginShipoutBox=\box57
Package hyperref Info: Link coloring OFF on input line 21.

("C:\Users\Thomas\AppData\Local\Programs\MiKTeX 2.9\tex/latex/hyperref\nameref.
sty"
Package: nameref 2019/09/16 v2.46 Cross-referencing by name of section

("C:\Users\Thomas\AppData\Local\Programs\MiKTeX 2.9\tex/latex/refcount\refcount
.sty"
Package: refcount 2019/12/15 v3.6 Data extraction from label references (HO)
)
("C:\Users\Thomas\AppData\Local\Programs\MiKTeX 2.9\tex/generic/gettitlestring\
gettitlestring.sty"
Package: gettitlestring 2019/12/15 v1.6 Cleanup title references (HO)
)
\c@section@level=\count305
)
LaTeX Info: Redefining \ref on input line 21.
LaTeX Info: Redefining \pageref on input line 21.
LaTeX Info: Redefining \nameref on input line 21.
 (C:\Users\Thomas\Downloads\report\build\report_main.out)
(C:\Users\Thomas\Downloads\report\build\report_main.out)
\@outlinefile=\write3
\openout3 = `report_main.out'.

\c@lstlisting=\count306
<images/logos/ulb_ecole_polytechnique_de_bruxelles.jpg, id=123, 542.9886pt x 11
2.5003pt>
File: images/logos/ulb_ecole_polytechnique_de_bruxelles.jpg Graphic file (type 
jpg)
<use images/logos/ulb_ecole_polytechnique_de_bruxelles.jpg>
Package pdftex.def Info: images/logos/ulb_ecole_polytechnique_de_bruxelles.jpg 
 used on input line 30.
(pdftex.def)             Requested size: 407.24045pt x 84.375pt.
LaTeX Font Info:    Trying to load font information for OT1+lmr on input line 7
2.

("C:\Users\Thomas\AppData\Local\Programs\MiKTeX 2.9\tex/latex/lm\ot1lmr.fd"
File: ot1lmr.fd 2009/10/30 v1.6 Font defs for Latin Modern
)
LaTeX Font Info:    Trying to load font information for OML+lmm on input line 7
2.

("C:\Users\Thomas\AppData\Local\Programs\MiKTeX 2.9\tex/latex/lm\omllmm.fd"
File: omllmm.fd 2009/10/30 v1.6 Font defs for Latin Modern
)
LaTeX Font Info:    Trying to load font information for OMS+lmsy on input line 
72.

("C:\Users\Thomas\AppData\Local\Programs\MiKTeX 2.9\tex/latex/lm\omslmsy.fd"
File: omslmsy.fd 2009/10/30 v1.6 Font defs for Latin Modern
)
LaTeX Font Info:    Trying to load font information for OMX+lmex on input line 
72.

("C:\Users\Thomas\AppData\Local\Programs\MiKTeX 2.9\tex/latex/lm\omxlmex.fd"
File: omxlmex.fd 2009/10/30 v1.6 Font defs for Latin Modern
)
LaTeX Font Info:    External font `lmex10' loaded for size
(Font)              <10.95> on input line 72.
LaTeX Font Info:    External font `lmex10' loaded for size
(Font)              <8.3> on input line 72.
LaTeX Font Info:    External font `lmex10' loaded for size
(Font)              <6> on input line 72.
LaTeX Font Info:    Trying to load font information for U+msa on input line 72.


("C:\Users\Thomas\AppData\Local\Programs\MiKTeX 2.9\tex/latex/amsfonts\umsa.fd"
File: umsa.fd 2013/01/14 v3.01 AMS symbols A
)
LaTeX Font Info:    Trying to load font information for U+msb on input line 72.

 ("C:\Users\Thomas\AppData\Local\Programs\MiKTeX 2.9\tex/latex/amsfonts\umsb.fd
"
File: umsb.fd 2013/01/14 v3.01 AMS symbols B
)
LaTeX Font Info:    Font shape `U/futm/m/n' will be
(Font)              scaled to size 10.07397pt on input line 72.
LaTeX Font Info:    Font shape `U/futm/m/n' will be
(Font)              scaled to size 7.63599pt on input line 72.
LaTeX Font Info:    Font shape `U/futm/m/n' will be
(Font)              scaled to size 5.51999pt on input line 72.
LaTeX Font Info:    Trying to load font information for TS1+lmr on input line 7
2.
 ("C:\Users\Thomas\AppData\Local\Programs\MiKTeX 2.9\tex/latex/lm\ts1lmr.fd"
File: ts1lmr.fd 2009/10/30 v1.6 Font defs for Latin Modern
) [1

{C:/Users/Thomas/AppData/Local/MiKTeX/2.9/pdftex/config/pdftex.map} <./images/l
ogos/ulb_ecole_polytechnique_de_bruxelles.jpg>]
(C:\Users\Thomas\Downloads\report\build\report_main.toc)
\tf@toc=\write4
\openout4 = `report_main.toc'.

 [1] (report_text.tex
Underfull \hbox (badness 10000) in paragraph at lines 2--3

 []


Underfull \hbox (badness 10000) in paragraph at lines 4--5

 []


Underfull \hbox (badness 10000) in paragraph at lines 6--7

 []


Underfull \hbox (badness 10000) in paragraph at lines 8--9

 []

LaTeX Font Info:    Trying to load font information for T1+lmtt on input line 1
0.
("C:\Users\Thomas\AppData\Local\Programs\MiKTeX 2.9\tex/latex/lm\t1lmtt.fd"
File: t1lmtt.fd 2009/10/30 v1.6 Font defs for Latin Modern
)
Overfull \hbox (0.79156pt too wide) in paragraph at lines 10--11
[]\T1/lmr/m/n/10.95 Le code Py-thon est dis-po-nible à cette adresse : []$\T1/l
mtt/m/n/10.95 https : / / github . com / thomasninane / didactic _
 []


Underfull \hbox (badness 10000) in paragraph at lines 10--11

 []


Underfull \hbox (badness 10000) in paragraph at lines 12--13

 []

[1]
Overfull \hbox (11.31187pt too wide) in paragraph at lines 35--36
[]\T1/lmr/m/n/10.95 Présence de bou-tons per-met-tant d'af-fi-cher ou de ca-che
r les courbes sou-hai-tées (exemple :
 []

[2] [3]
Underfull \hbox (badness 10000) in paragraph at lines 79--80

 []


Underfull \hbox (badness 10000) in paragraph at lines 81--82

 []


Underfull \hbox (badness 10000) in paragraph at lines 91--92

 []


Underfull \hbox (badness 10000) in paragraph at lines 99--100

 []

[4]
Underfull \hbox (badness 10000) in paragraph at lines 112--113

 []

[5]
Underfull \hbox (badness 10000) in paragraph at lines 136--137

 []

<images/DrawPlotsParent-schematic.png, id=239, 508.90125pt x 415.5525pt>
File: images/DrawPlotsParent-schematic.png Graphic file (type png)
<use images/DrawPlotsParent-schematic.png>
Package pdftex.def Info: images/DrawPlotsParent-schematic.png  used on input li
ne 143.
(pdftex.def)             Requested size: 426.79134pt x 348.5164pt.

Package caption Warning: The option `hypcap=true' will be ignored for this
(caption)                particular \caption on input line 144.
See the caption package documentation for explanation.

[6]
<images/code1.png, id=250, 548.80031pt x 89.58469pt>
File: images/code1.png Graphic file (type png)
<use images/code1.png>
Package pdftex.def Info: images/code1.png  used on input line 151.
(pdftex.def)             Requested size: 426.79134pt x 69.66936pt.


Package caption Warning: The option `hypcap=true' will be ignored for this
(caption)                particular \caption on input line 152.
See the caption package documentation for explanation.

<images/code2.png, id=251, 493.0922pt x 181.42781pt>
File: images/code2.png Graphic file (type png)
<use images/code2.png>
Package pdftex.def Info: images/code2.png  used on input line 154.
(pdftex.def)             Requested size: 426.79134pt x 157.04086pt.

Package caption Warning: The option `hypcap=true' will be ignored for this
(caption)                particular \caption on input line 155.
See the caption package documentation for explanation.

[7 <./images/DrawPlotsParent-schematic.png> <./images/code1.png>]
Underfull \hbox (badness 10000) in paragraph at lines 161--162

 []

[8 <./images/code2.png>] [9]
Underfull \hbox (badness 10000) in paragraph at lines 211--212

 []

<images/DrawPlotsFromFile-WindowSpecificFrame.png, id=287, 183.68625pt x 102.38
25pt>
File: images/DrawPlotsFromFile-WindowSpecificFrame.png Graphic file (type png)
<use images/DrawPlotsFromFile-WindowSpecificFrame.png>
Package pdftex.def Info: images/DrawPlotsFromFile-WindowSpecificFrame.png  used
 on input line 216.
(pdftex.def)             Requested size: 128.57947pt x 71.66725pt.

Package caption Warning: The option `hypcap=true' will be ignored for this
(caption)                particular \caption on input line 217.
See the caption package documentation for explanation.

<images/DrawPlotsFromFile-screenshot.png, id=288, 1128.46594pt x 747.54282pt>
File: images/DrawPlotsFromFile-screenshot.png Graphic file (type png)
<use images/DrawPlotsFromFile-screenshot.png>
Package pdftex.def Info: images/DrawPlotsFromFile-screenshot.png  used on input
 line 237.
(pdftex.def)             Requested size: 455.24408pt x 301.57831pt.

Package caption Warning: The option `hypcap=true' will be ignored for this
(caption)                particular \caption on input line 238.
See the caption package documentation for explanation.


Overfull \hbox (2.27618pt too wide) in paragraph at lines 237--238
 [] 
 []

[10 <./images/DrawPlotsFromFile-WindowSpecificFrame.png>]
Underfull \hbox (badness 10000) in paragraph at lines 244--245

 []


Underfull \hbox (badness 10000) in paragraph at lines 249--250

 []

[11 <./images/DrawPlotsFromFile-screenshot.png>]
<images/DrawPlotsRealTime-WindowSpecificFrame.png, id=307, 339.51843pt x 262.73
157pt>
File: images/DrawPlotsRealTime-WindowSpecificFrame.png Graphic file (type png)
<use images/DrawPlotsRealTime-WindowSpecificFrame.png>
Package pdftex.def Info: images/DrawPlotsRealTime-WindowSpecificFrame.png  used
 on input line 270.
(pdftex.def)             Requested size: 237.66127pt x 183.91083pt.


Package caption Warning: The option `hypcap=true' will be ignored for this
(caption)                particular \caption on input line 271.
See the caption package documentation for explanation.

[12 <./images/DrawPlotsRealTime-WindowSpecificFrame.png>]
Overfull \hbox (19.07938pt too wide) in paragraph at lines 314--315
[]\T1/lmr/bx/n/10.95 simulate_real_time_data_acquisition : \T1/lmr/m/n/10.95 le
s don-nées char-gées par \T1/lmr/m/it/10.95 load_simulation_file()
 []

[13]
<images/DrawPlotsRealTime-screenshot.png, id=343, 1132.23pt x 751.30687pt>
File: images/DrawPlotsRealTime-screenshot.png Graphic file (type png)
<use images/DrawPlotsRealTime-screenshot.png>
Package pdftex.def Info: images/DrawPlotsRealTime-screenshot.png  used on input
 line 328.
(pdftex.def)             Requested size: 455.24408pt x 302.07652pt.


Package caption Warning: The option `hypcap=true' will be ignored for this
(caption)                particular \caption on input line 329.
See the caption package documentation for explanation.


Overfull \hbox (2.27618pt too wide) in paragraph at lines 328--329
 [] 
 []

[14 <./images/DrawPlotsRealTime-screenshot.png>]
Underfull \hbox (badness 10000) in paragraph at lines 335--336

 []


Underfull \hbox (badness 10000) in paragraph at lines 337--338

 []


Underfull \hbox (badness 10000) in paragraph at lines 339--340

 []


Underfull \hbox (badness 10000) in paragraph at lines 350--351

 []


Underfull \hbox (badness 10000) in paragraph at lines 352--353

 []

[15]
<images/device_manager.png, id=360, 583.42969pt x 428.35031pt>
File: images/device_manager.png Graphic file (type png)
<use images/device_manager.png>
Package pdftex.def Info: images/device_manager.png  used on input line 382.
(pdftex.def)             Requested size: 262.54092pt x 192.75584pt.


Package caption Warning: The option `hypcap=true' will be ignored for this
(caption)                particular \caption on input line 383.
See the caption package documentation for explanation.

[16 <./images/device_manager.png>]
Overfull \hbox (19.96593pt too wide) in paragraph at lines 396--398
[]\T1/lmr/m/n/10.95 S'assurer que les don-nées sont en-voyées dans l'ordre cor-
rect (voir \T1/lmr/m/it/10.95 DATA_FRAME_COLUMNS
 []

[17]
Underfull \hbox (badness 10000) in paragraph at lines 421--422

 []

<images/arduino_uno.png, id=397, 196.48407pt x 325.215pt>
File: images/arduino_uno.png Graphic file (type png)
<use images/arduino_uno.png>
Package pdftex.def Info: images/arduino_uno.png  used on input line 426.
(pdftex.def)             Requested size: 137.52591pt x 227.62204pt.

Package caption Warning: The option `hypcap=true' will be ignored for this
(caption)                particular \caption on input line 427.
See the caption package documentation for explanation.

[18 <./images/arduino_uno.png>]
<images/arduino_due.png, id=404, 183.68625pt x 325.215pt>
File: images/arduino_due.png Graphic file (type png)
<use images/arduino_due.png>
Package pdftex.def Info: images/arduino_due.png  used on input line 436.
(pdftex.def)             Requested size: 128.56827pt x 227.62204pt.


Package caption Warning: The option `hypcap=true' will be ignored for this
(caption)                particular \caption on input line 437.
See the caption package documentation for explanation.

[19 <./images/arduino_due.png>]
Underfull \hbox (badness 10000) in paragraph at lines 446--447

 []


Underfull \hbox (badness 10000) in paragraph at lines 448--449

 []

<images/windows_scaling_1.png, id=412, 170.43675pt x 181.8795pt>
File: images/windows_scaling_1.png Graphic file (type png)
<use images/windows_scaling_1.png>
Package pdftex.def Info: images/windows_scaling_1.png  used on input line 463.
(pdftex.def)             Requested size: 170.43631pt x 181.87904pt.

Package caption Warning: The option `hypcap=true' will be ignored for this
(caption)                particular \caption on input line 464.
See the caption package documentation for explanation.

[20]
Underfull \hbox (badness 10000) in paragraph at lines 467--468

 []

<images/windows_scaling_2.png, id=420, 388.45125pt x 563.10374pt>
File: images/windows_scaling_2.png Graphic file (type png)
<use images/windows_scaling_2.png>
Package pdftex.def Info: images/windows_scaling_2.png  used on input line 473.
(pdftex.def)             Requested size: 196.27597pt x 284.52756pt.

Package caption Warning: The option `hypcap=true' will be ignored for this
(caption)                particular \caption on input line 474.
See the caption package documentation for explanation.

<images/windows_scaling_3.png, id=421, 296.90926pt x 482.40225pt>
File: images/windows_scaling_3.png Graphic file (type png)
<use images/windows_scaling_3.png>
Package pdftex.def Info: images/windows_scaling_3.png  used on input line 476.
(pdftex.def)             Requested size: 175.12962pt x 284.52756pt.

Package caption Warning: The option `hypcap=true' will be ignored for this
(caption)                particular \caption on input line 477.
See the caption package documentation for explanation.


Overfull \hbox (26.27618pt too wide) in paragraph at lines 472--479
 [] 
 []

<images/windows_scaling_4.png, id=422, 1156.32pt x 650.43pt>
File: images/windows_scaling_4.png Graphic file (type png)
<use images/windows_scaling_4.png>
Package pdftex.def Info: images/windows_scaling_4.png  used on input line 486.
(pdftex.def)             Requested size: 483.69684pt x 272.07709pt.

Package caption Warning: The option `hypcap=true' will be ignored for this
(caption)                particular \caption on input line 487.
See the caption package documentation for explanation.


Overfull \hbox (30.72894pt too wide) in paragraph at lines 486--487
 [] 
 []

[21 <./images/windows_scaling_1.png> <./images/windows_scaling_2.png> <./images
/windows_scaling_3.png>]
<images/windows_scaling_5.png, id=433, 1445.4pt x 813.0375pt>
File: images/windows_scaling_5.png Graphic file (type png)
<use images/windows_scaling_5.png>
Package pdftex.def Info: images/windows_scaling_5.png  used on input line 490.
(pdftex.def)             Requested size: 483.69684pt x 272.07462pt.


Package caption Warning: The option `hypcap=true' will be ignored for this
(caption)                particular \caption on input line 491.
See the caption package documentation for explanation.


Overfull \hbox (30.72894pt too wide) in paragraph at lines 490--491
 [][] 
 []

[22 <./images/windows_scaling_4.png> <./images/windows_scaling_5.png>]
Underfull \hbox (badness 10000) in paragraph at lines 507--508

 []

)
Package atveryend Info: Empty hook `BeforeClearDocument' on input line 123.
 [23]
Package atveryend Info: Empty hook `AfterLastShipout' on input line 123.
 (C:\Users\Thomas\Downloads\report\build\report_main.aux)
Package atveryend Info: Executing hook `AtVeryEndDocument' on input line 123.
Package atveryend Info: Executing hook `AtEndAfterFileList' on input line 123.
Package rerunfilecheck Info: File `report_main.out' has not changed.
(rerunfilecheck)             Checksum: A9027771975D04FC501AA9E2EBEF0385;2200.
Package atveryend Info: Empty hook `AtVeryVeryEnd' on input line 123.
 ) 
Here is how much of TeX's memory you used:
 13412 strings out of 480892
 211423 string characters out of 2897508
 475862 words of memory out of 3000000
 28751 multiletter control sequences out of 15000+200000
 595840 words of font info for 66 fonts, out of 3000000 for 9000
 1141 hyphenation exceptions out of 8191
 55i,12n,80p,1225b,623s stack positions out of 5000i,500n,10000p,200000b,50000s
{C:/Users/Thomas/AppData/Local/Programs/MiKTeX 2.9/fonts/enc/dvips/lm/lm-ec.e
nc}<C:/Users/Thomas/AppData/Local/Programs/MiKTeX 2.9/fonts/type1/public/lm/lmb
x10.pfb><C:/Users/Thomas/AppData/Local/Programs/MiKTeX 2.9/fonts/type1/public/l
m/lmbx12.pfb><C:/Users/Thomas/AppData/Local/Programs/MiKTeX 2.9/fonts/type1/pub
lic/lm/lmcsc10.pfb><C:/Users/Thomas/AppData/Local/Programs/MiKTeX 2.9/fonts/typ
e1/public/lm/lmr10.pfb><C:/Users/Thomas/AppData/Local/Programs/MiKTeX 2.9/fonts
/type1/public/lm/lmr12.pfb><C:/Users/Thomas/AppData/Local/Programs/MiKTeX 2.9/f
onts/type1/public/lm/lmr8.pfb><C:/Users/Thomas/AppData/Local/Programs/MiKTeX 2.
9/fonts/type1/public/lm/lmr9.pfb><C:/Users/Thomas/AppData/Local/Programs/MiKTeX
 2.9/fonts/type1/public/lm/lmri10.pfb><C:/Users/Thomas/AppData/Local/Programs/M
iKTeX 2.9/fonts/type1/public/lm/lmri9.pfb><C:/Users/Thomas/AppData/Local/Progra
ms/MiKTeX 2.9/fonts/type1/public/lm/lmtt10.pfb>
Output written on C:\Users\Thomas\Downloads\report\build\report_main.pdf (25 pa
ges, 1112737 bytes).
PDF statistics:
 530 PDF objects out of 1000 (max. 8388607)
 203 named destinations out of 1000 (max. 500000)
 321 words of extra memory for PDF output out of 10000 (max. 10000000)

